0 info it worked if it ends with ok
1 verbose cli [ 'C:\\Program Files\\nodejs\\node.exe',
1 verbose cli   'C:\\Users\\taure\\AppData\\Roaming\\npm\\node_modules\\npm\\bin\\npm-cli.js',
1 verbose cli   'run',
1 verbose cli   'prepare-commit' ]
2 info using npm@4.0.5
3 info using node@v10.15.0
4 verbose run-script [ 'prepare-commit' ]
5 info lifecycle automouse@1.7.0~prepare-commit: automouse@1.7.0
6 verbose lifecycle automouse@1.7.0~prepare-commit: unsafe-perm in lifecycle true
7 verbose lifecycle automouse@1.7.0~prepare-commit: PATH: C:\Users\taure\AppData\Roaming\npm\node_modules\npm\bin\node-gyp-bin;C:\WebDev\projects\Node\automouse\node_modules\.bin;C:\WebDev\projects\Node\automouse\node_modules\.bin;C:\WebDev\projects\Node\node_modules\.bin;C:\WebDev\projects\node_modules\.bin;C:\WebDev\node_modules\.bin;C:\node_modules\.bin;C:\Program Files\nodejs;C:\Program Files\Git\mingw64\libexec\git-core;C:\Program Files\Git\mingw64\bin;C:\Program Files\Git\usr\bin;C:\Users\taure\bin;C:\tools\cmder\bin;C:\tools\cmder\vendor\conemu-maximus5\ConEmu\Scripts;C:\tools\cmder\vendor\conemu-maximus5;C:\tools\cmder\vendor\conemu-maximus5\ConEmu;C:\Python36\Scripts;C:\Python36;C:\Program Files (x86)\Razer Chroma SDK\bin;C:\Program Files\Razer Chroma SDK\bin;C:\tools\ruby23\bin;C:\ProgramData\Oracle\Java\javapath;C:\Program Files (x86)\NVIDIA Corporation\PhysX\Common;C:\WINDOWS\system32;C:\WINDOWS;C:\WINDOWS\System32\Wbem;C:\WINDOWS\System32\WindowsPowerShell\v1.0;C:\Program Files (x86)\ATI Technologies\ATI.ACE\Core-Static;C:\Users\taure\.dnx\bin;C:\Program Files\Microsoft DNX\Dnvm;C:\Python27;C:\Program Files (x86)\GtkSharp\2.12\bin;C:\Program Files\nodejs;C:\Program Files\nodejs\npm;C:\ProgramData\chocolatey\bin;C:\Program Files\MongoDB\Server\3.2\bin;C:\Program Files (x86)\Heroku\bin;C:\Program Files (x86)\vim\vim80;C:\Program Files (x86)\Windows Kits\8.1\Windows Performance Toolkit;C:\Program Files\Java\jdk1.7.0_79\bin;C:\Program Files\Sublime Text 3;C:\Users\taure\AppData\Local\Microsoft\WindowsApps;C:\Users\taure\AppData\Roaming\npm;C:\tools\php;C:\Users\taure\AppData\Local\atom\bin;C:\Program Files (x86)\Skype\Phone;C:\WINDOWS\system32;C:\WINDOWS;C:\WINDOWS\System32\Wbem;C:\WINDOWS\System32\WindowsPowerShell\v1.0;C:\Program Files (x86)\chromedriver;C:\Program Files\Git\cmd;C:\Program Files\Microsoft VS Code Insiders\bin;C:\WINDOWS\System32\OpenSSH;C:\Program Files\nodejs;C:\Program Files\Java\jdk1.7.0_79\bin;C:\Python27;C:\Program Files\Sublime Text 3;C:\Users\taure\AppData\Local\Microsoft\WindowsApps;C:\Program Files\MongoDB\Server\3.2\bin;C:\Users\taure\AppData\Local\atom\bin;C:\Program Files\cmder;C:\Program Files\Heroku\bin;C:\tools\php71;C:\tools\cmder;C:\Users\taure\AppData\Local\Microsoft\WindowsApps;C:\Program Files\Microsoft VS Code Insiders\bin;C:\Users\taure\AppData\Roaming\npm;C:\Program Files\Git\usr\bin;C:\Program Files\Git\usr\share\vim\vim74;C:\tools\cmder
8 verbose lifecycle automouse@1.7.0~prepare-commit: CWD: C:\WebDev\projects\Node\automouse
9 silly lifecycle automouse@1.7.0~prepare-commit: Args: [ '/d /s /c', 'lint-staged' ]
10 silly lifecycle automouse@1.7.0~prepare-commit: Returned: code: 1  signal: null
11 info lifecycle automouse@1.7.0~prepare-commit: Failed to exec prepare-commit script
12 verbose stack Error: automouse@1.7.0 prepare-commit: `lint-staged`
12 verbose stack Exit status 1
12 verbose stack     at EventEmitter.<anonymous> (C:\Users\taure\AppData\Roaming\npm\node_modules\npm\lib\utils\lifecycle.js:279:16)
12 verbose stack     at EventEmitter.emit (events.js:182:13)
12 verbose stack     at ChildProcess.<anonymous> (C:\Users\taure\AppData\Roaming\npm\node_modules\npm\lib\utils\spawn.js:40:14)
12 verbose stack     at ChildProcess.emit (events.js:182:13)
12 verbose stack     at maybeClose (internal/child_process.js:962:16)
12 verbose stack     at Process.ChildProcess._handle.onexit (internal/child_process.js:251:5)
13 verbose pkgid automouse@1.7.0
14 verbose cwd C:\WebDev\projects\Node\automouse
15 error Windows_NT 10.0.17763
16 error argv "C:\\Program Files\\nodejs\\node.exe" "C:\\Users\\taure\\AppData\\Roaming\\npm\\node_modules\\npm\\bin\\npm-cli.js" "run" "prepare-commit"
17 error node v10.15.0
18 error npm  v4.0.5
19 error code ELIFECYCLE
20 error automouse@1.7.0 prepare-commit: `lint-staged`
20 error Exit status 1
21 error Failed at the automouse@1.7.0 prepare-commit script 'lint-staged'.
21 error Make sure you have the latest version of node.js and npm installed.
21 error If you do, this is most likely a problem with the automouse package,
21 error not with npm itself.
21 error Tell the author that this fails on your system:
21 error     lint-staged
21 error You can get information on how to open an issue for this project with:
21 error     npm bugs automouse
21 error Or if that isn't available, you can get their info via:
21 error     npm owner ls automouse
21 error There is likely additional logging output above.
22 verbose exit [ 1, true ]
